d:\school\mge\mge_v18_student_version\_vs2015\debug_dynamic_build\vc141.pdb
d:\school\mge\mge_v18_student_version\_vs2015\debug_dynamic_build\vc141.idb
d:\school\mge\mge_v18_student_version\_vs2015\debug_dynamic_build\debughud.obj
d:\school\mge\mge_v18_student_version\_vs2015\debug_dynamic_build\mgedemo.obj
d:\school\mge\mge_v18_student_version\_vs2015\debug_dynamic_build\texturematerial.obj
d:\school\mge\mge_v18_student_version\_vs2015\debug_dynamic_build\colormaterial.obj
d:\school\mge\mge_v18_student_version\_vs2015\debug_dynamic_build\abstractmaterial.obj
d:\school\mge\mge_v18_student_version\_vs2015\debug_dynamic_build\world.obj
d:\school\mge\mge_v18_student_version\_vs2015\debug_dynamic_build\texture.obj
d:\school\mge\mge_v18_student_version\_vs2015\debug_dynamic_build\shaderprogram.obj
d:\school\mge\mge_v18_student_version\_vs2015\debug_dynamic_build\renderer.obj
d:\school\mge\mge_v18_student_version\_vs2015\debug_dynamic_build\mesh.obj
d:\school\mge\mge_v18_student_version\_vs2015\debug_dynamic_build\light.obj
d:\school\mge\mge_v18_student_version\_vs2015\debug_dynamic_build\gameobject.obj
d:\school\mge\mge_v18_student_version\_vs2015\debug_dynamic_build\camera.obj
d:\school\mge\mge_v18_student_version\_vs2015\debug_dynamic_build\abstractgame.obj
d:\school\mge\mge_v18_student_version\_vs2015\debug_dynamic_build\rotatingbehaviour.obj
d:\school\mge\mge_v18_student_version\_vs2015\debug_dynamic_build\keysbehaviour.obj
d:\school\mge\mge_v18_student_version\_vs2015\debug_dynamic_build\abstractbehaviour.obj
d:\school\mge\mge_v18_student_version\_vs2015\debug_dynamic_build\main.obj
d:\school\mge\mge_v18_student_version\_vs2015\debug_dynamic_build\assignment.obj
d:\school\year 2\quartile 2\3d_rendering\mge\mge_v18_student_version\_vs2015\debug_dynamic_build\vc141.pdb
d:\school\year 2\quartile 2\3d_rendering\mge\mge_v18_student_version\_vs2015\debug_dynamic_build\vc141.idb
d:\school\year 2\quartile 2\3d_rendering\mge\mge_v18_student_version\_vs2015\debug_dynamic_build\mgedemo.obj
d:\school\year 2\quartile 2\3d_rendering\mge\mge_v18_student_version\_vs2015\debug_dynamic_build\texturematerial.obj
d:\school\year 2\quartile 2\3d_rendering\mge\mge_v18_student_version\_vs2015\debug_dynamic_build\litmaterial.obj
d:\school\year 2\quartile 2\3d_rendering\mge\mge_v18_student_version\_vs2015\debug_dynamic_build\colormaterial.obj
d:\school\year 2\quartile 2\3d_rendering\mge\mge_v18_student_version\_vs2015\debug_dynamic_build\abstractmaterial.obj
d:\school\year 2\quartile 2\3d_rendering\mge\mge_v18_student_version\_vs2015\debug_dynamic_build\world.obj
d:\school\year 2\quartile 2\3d_rendering\mge\mge_v18_student_version\_vs2015\debug_dynamic_build\texture.obj
d:\school\year 2\quartile 2\3d_rendering\mge\mge_v18_student_version\_vs2015\debug_dynamic_build\shaderprogram.obj
d:\school\year 2\quartile 2\3d_rendering\mge\mge_v18_student_version\_vs2015\debug_dynamic_build\renderer.obj
d:\school\year 2\quartile 2\3d_rendering\mge\mge_v18_student_version\_vs2015\debug_dynamic_build\mesh.obj
d:\school\year 2\quartile 2\3d_rendering\mge\mge_v18_student_version\_vs2015\debug_dynamic_build\light.obj
d:\school\year 2\quartile 2\3d_rendering\mge\mge_v18_student_version\_vs2015\debug_dynamic_build\gameobject.obj
d:\school\year 2\quartile 2\3d_rendering\mge\mge_v18_student_version\_vs2015\debug_dynamic_build\camera.obj
d:\school\year 2\quartile 2\3d_rendering\mge\mge_v18_student_version\_vs2015\debug_dynamic_build\abstractgame.obj
d:\school\year 2\quartile 2\3d_rendering\mge\mge_v18_student_version\_vs2015\debug_dynamic_build\rotatingbehaviour.obj
d:\school\year 2\quartile 2\3d_rendering\mge\mge_v18_student_version\_vs2015\debug_dynamic_build\keysbehaviour.obj
d:\school\year 2\quartile 2\3d_rendering\mge\mge_v18_student_version\_vs2015\debug_dynamic_build\abstractbehaviour.obj
d:\school\year 2\quartile 2\3d_rendering\mge\mge_v18_student_version\_vs2015\debug_dynamic_build\main.obj
d:\school\year 2\quartile 2\3d_rendering\mge\mge_v18_student_version\_vs2015\debug_dynamic_build\assignment.obj
d:\school\year 2\quartile 2\3d_rendering\mge\mge_v18_student_version\_vs2015\debug_dynamic_build\debughud.obj
d:\school\year 2\quartile 2\3d_rendering\mge\mge_v18_student_version\_vs2015\debug_dynamic_build\assignment3.obj
d:\school\year 2\quartile 2\3d_rendering\mge\mge_v18_student_version\_vs2015\debug_dynamic_build\assignment2.obj
d:\school\year 2\quartile 2\3d_rendering\mge\mge_v18_student_version\_vs2015\debug_dynamic_build\orbitbehaviour.obj
d:\school\year 2\quartile 2\3d_rendering\mge\mge_v18_student_version\_vs2015\debug_dynamic_build\wobblematerial.obj
d:\school\mge\mge_v18_student_version\_vs2015\debug_dynamic_exe\mge.exe
d:\school\mge\mge_v18_student_version\_vs2015\debug_dynamic_exe\mge.ilk
d:\school\mge\mge_v18_student_version\_vs2015\debug_dynamic_exe\mge.pdb
d:\school\year 2\quartile 2\3d_rendering\mge\mge_v18_student_version\_vs2015\debug_dynamic_exe\mge.exe
d:\school\year 2\quartile 2\3d_rendering\mge\mge_v18_student_version\_vs2015\debug_dynamic_exe\mge.ilk
d:\school\year 2\quartile 2\3d_rendering\mge\mge_v18_student_version\_vs2015\debug_dynamic_exe\mge.pdb
d:\school\mge\mge_v18_student_version\_vs2015\debug_dynamic_build/vcpkg.applocal.log
d:\school\year 2\quartile 2\3d_rendering\mge\mge_v18_student_version\_vs2015\debug_dynamic_build/vcpkg.applocal.log
d:\school\year 2\quartile 2\3d_rendering\mge\mge_v18_student_version\_vs2015\debug_dynamic_exe/mge.exe
d:\school\year 2\quartile 2\3d_rendering\mge\mge_v18_student_version\_vs2015\debug_dynamic_build\mge.tlog\cl.command.1.tlog
d:\school\year 2\quartile 2\3d_rendering\mge\mge_v18_student_version\_vs2015\debug_dynamic_build\mge.tlog\cl.read.1.tlog
d:\school\year 2\quartile 2\3d_rendering\mge\mge_v18_student_version\_vs2015\debug_dynamic_build\mge.tlog\cl.write.1.tlog
d:\school\year 2\quartile 2\3d_rendering\mge\mge_v18_student_version\_vs2015\debug_dynamic_build\mge.tlog\link.command.1.tlog
d:\school\year 2\quartile 2\3d_rendering\mge\mge_v18_student_version\_vs2015\debug_dynamic_build\mge.tlog\link.read.1.tlog
d:\school\year 2\quartile 2\3d_rendering\mge\mge_v18_student_version\_vs2015\debug_dynamic_build\mge.tlog\link.write.1.tlog
d:\school\year 2\quartile 2\3d_rendering\mge\mge_v18_student_version\_vs2015\debug_dynamic_build\mge.tlog\mge.write.1u.tlog
